<?xml version="1.0" encoding="UTF-8"?>
<!-- Generated by org.testng.reporters.JUnitReportReporter -->
<testsuite skipped="0" hostname="DESKTOP-QOOVQF0" name="longiiin.Login" tests="1" failures="0" timestamp="2023-08-17T16:31:45 IST" time="30.946" errors="0">
  <testcase name="testLoginData" time="30.946" classname="longiiin.Login"/>
  <system-out/>
</testsuite> <!-- longiiin.Login -->
