<?xml version="1.0" encoding="UTF-8"?>
<!-- Generated by org.testng.reporters.JUnitReportReporter -->
<testsuite skipped="0" hostname="DESKTOP-QOOVQF0" name="nopcom.Login" tests="1" failures="0" timestamp="2023-08-17T17:18:08 IST" time="20.101" errors="0">
  <testcase name="testLoginData" time="20.101" classname="nopcom.Login"/>
  <system-out/>
</testsuite> <!-- nopcom.Login -->
