<?xml version="1.0" encoding="UTF-8"?>
<!-- Generated by org.testng.reporters.JUnitReportReporter -->
<testsuite skipped="0" hostname="DESKTOP-QOOVQF0" name="nopcom.Login" tests="1" failures="0" timestamp="2023-08-17T17:14:13 IST" time="18.843" errors="0">
  <testcase name="testLoginData" time="18.843" classname="nopcom.Login"/>
  <system-out/>
</testsuite> <!-- nopcom.Login -->
