<?xml version="1.0" encoding="UTF-8"?>
<!-- Generated by org.testng.reporters.JUnitReportReporter -->
<testsuite skipped="0" hostname="DESKTOP-QOOVQF0" name="sdet.Login2" tests="2" failures="0" timestamp="2023-08-17T17:14:13 IST" time="46.569" errors="0">
  <testcase name="Login22" time="23.324" classname="sdet.Login2"/>
  <system-out/>
  <testcase name="Login11" time="23.245" classname="sdet.Login2"/>
  <system-out/>
</testsuite> <!-- sdet.Login2 -->
