<?xml version="1.0" encoding="UTF-8"?>
<!-- Generated by org.testng.reporters.JUnitReportReporter -->
<testsuite skipped="0" hostname="DESKTOP-QOOVQF0" name="sdet.Login3" tests="2" failures="0" timestamp="2023-08-17T17:14:13 IST" time="32.949" errors="0">
  <testcase name="Login22" time="9.720" classname="sdet.Login3"/>
  <system-out/>
  <testcase name="Login11" time="23.229" classname="sdet.Login3"/>
  <system-out/>
</testsuite> <!-- sdet.Login3 -->
